<?xml version="1.0" encoding="UTF-8"?>
<testsuite xmlns:xsi="http://www.w3.org/2001/XMLSchema-instance" xsi:noNamespaceSchemaLocation="https://maven.apache.org/surefire/maven-surefire-plugin/xsd/surefire-test-report.xsd" name="RadioTest" time="0.186" tests="6" errors="0" skipped="0" failures="0">
  <properties>
[...]
</properties>
  <testcase name="DicreseVolume" classname="RadioTest" time="0.15"/>
  <testcase name="VolRadio" classname="RadioTest" time="0.001"/>
  <testcase name="PreviousStation" classname="RadioTest" time="0.001"/>
  <testcase name="IncreaseVolume" classname="RadioTest" time="0.001"/>
  <testcase name="NextStation" classname="RadioTest" time="0.001"/>
  <testcase name="SetRadio" classname="RadioTest" time="0.001"/>
</testsuite>